<?xml version="1.0" encoding="UTF-8"?>
<!-- Generated by org.testng.reporters.JUnitReportReporter -->
<testsuite skipped="0" hostname="5-WS-036" name="TestNG.Grouping" tests="2" failures="0" timestamp="27 Nov 2018 10:00:22 GMT" time="0.013" errors="0">
  <testcase name="User" time="0.011" classname="TestNG.Grouping"/>
  <testcase name="myAccount" time="0.002" classname="TestNG.Grouping"/>
</testsuite> <!-- TestNG.Grouping -->
