<?xml version="1.0" encoding="UTF-8"?>
<!-- Generated by org.testng.reporters.JUnitReportReporter -->
<testsuite skipped="0" hostname="5-WS-036" name="TestNG.TestNG2" tests="2" failures="0" timestamp="22 Nov 2018 05:54:22 GMT" time="0.016" errors="0">
  <testcase name="TestCase1" time="0.000" classname="TestNG.TestNG2"/>
  <testcase name="TestCase2" time="0.016" classname="TestNG.TestNG2"/>
</testsuite> <!-- TestNG.TestNG2 -->
