<?xml version="1.0" encoding="UTF-8"?>
<!-- Generated by org.testng.reporters.JUnitReportReporter -->
<testsuite skipped="0" hostname="5-WS-036" name="TestNG.HorizonTstRegister" tests="1" failures="0" timestamp="26 Nov 2018 07:04:37 GMT" time="31.148" errors="0">
  <testcase name="TstRegisteration" time="31.148" classname="TestNG.HorizonTstRegister"/>
</testsuite> <!-- TestNG.HorizonTstRegister -->
