<?xml version="1.0" encoding="UTF-8"?>
<!-- Generated by org.testng.reporters.JUnitReportReporter -->
<testsuite skipped="0" hostname="5-WS-036" name="TestNG.Assertion" tests="1" failures="0" timestamp="22 Nov 2018 05:53:35 GMT" time="15.220" errors="0">
  <testcase name="StartAssertion" time="15.220" classname="TestNG.Assertion"/>
</testsuite> <!-- TestNG.Assertion -->
