<?xml version="1.0" encoding="UTF-8"?>
<!-- Generated by org.testng.reporters.JUnitReportReporter -->
<testsuite skipped="0" hostname="5-WS-036" name="TestNG.Checkout1" tests="1" failures="0" timestamp="15 Nov 2018 06:44:33 GMT" time="7.483" errors="0">
  <testcase name="CreditCard" time="7.483" classname="TestNG.Checkout1"/>
</testsuite> <!-- TestNG.Checkout1 -->
