<?xml version="1.0" encoding="UTF-8"?>
<!-- Generated by org.testng.reporters.JUnitReportReporter -->
<testsuite skipped="0" hostname="5-WS-036" name="TestNG.TestNGPriority" tests="3" failures="0" timestamp="20 Nov 2018 11:23:17 GMT" time="0.016" errors="0">
  <testcase name="signIn" time="0.000" classname="TestNG.TestNGPriority"/>
  <testcase name="Checkouts" time="0.000" classname="TestNG.TestNGPriority"/>
  <testcase name="aHomepage" time="0.016" classname="TestNG.TestNGPriority"/>
</testsuite> <!-- TestNG.TestNGPriority -->
